<?xml version="1.0" encoding="UTF-8"?>
<testng-results ignored="0" total="1" passed="1" failed="0" skipped="0">
  <reporter-output>
  </reporter-output>
  <suite started-at="2024-12-22T16:51:11 IST" name="Default suite" finished-at="2024-12-22T16:51:18 IST" duration-ms="7073">
    <groups>
    </groups>
    <test started-at="2024-12-22T16:51:11 IST" name="Default test" finished-at="2024-12-22T16:51:18 IST" duration-ms="7073">
      <class name="com.testng.CharValidator">
        <test-method is-config="true" signature="beforeSuite()[pri:0, instance:com.testng.CharValidator@17497425]" started-at="2024-12-22T16:51:10 IST" name="beforeSuite" finished-at="2024-12-22T16:51:11 IST" duration-ms="1335" status="PASS">
          <reporter-output>
          </reporter-output>
        </test-method> <!-- beforeSuite -->
        <test-method signature="f()[pri:0, instance:com.testng.CharValidator@17497425]" started-at="2024-12-22T16:51:11 IST" name="f" finished-at="2024-12-22T16:51:18 IST" duration-ms="7053" status="PASS">
          <reporter-output>
          </reporter-output>
        </test-method> <!-- f -->
        <test-method is-config="true" signature="afterSuite()[pri:0, instance:com.testng.CharValidator@17497425]" started-at="2024-12-22T16:51:18 IST" name="afterSuite" finished-at="2024-12-22T16:51:18 IST" duration-ms="90" status="PASS">
          <reporter-output>
          </reporter-output>
        </test-method> <!-- afterSuite -->
      </class> <!-- com.testng.CharValidator -->
    </test> <!-- Default test -->
  </suite> <!-- Default suite -->
</testng-results>
